<?xml version="1.0" encoding="UTF-8"?>
<!-- Generated by org.testng.reporters.JUnitReportReporter -->
<testsuite hostname="Nhans-MacBook-Pro.local" name="tests.LoginTest" tests="1" failures="0" timestamp="9 Jul 2018 04:46:00 GMT" time="21.548" errors="0">
  <testcase name="LoginSuccessfully" time="21.548" classname="tests.LoginTest"/>
</testsuite> <!-- tests.LoginTest -->
